[bhatdental.com/index.html]
[backblue.gif]
[fade.gif]
[index.html]
[bhatdental.com/feed/index.html]
[bhatdental.com/comments/feed/index.html]
[bhatdental.com/wp-content/themes/appointwaytheme/lib/leads_form/js/ lead_ajaxe100.js]
[bhatdental.com/wp-includes/js/jquery/jqueryb8ff.js]
[bhatdental.com/wp-includes/js/jquery/jquery-migrate.min330a.js]
[bhatdental.com/wp-content/plugins/ink-appointment/ink-admin/js/cal-front/jquery-uie100.js]
[bhatdental.com/wp-content/plugins/ink-appointment/ink-admin/js/ink-requirede100.js]
[bhatdental.com/wp-content/plugins/print-o-matic/printomat29af.js]
[bhatdental.com/wp-content/themes/appointwaytheme/js/ddsmoothmenue100.js]
[bhatdental.com/wp-content/themes/appointwaytheme/js/jquery.flexslider-mine100.js]
[bhatdental.com/wp-content/themes/appointwaytheme/js/jquery.prettyPhotoe100.js]
[bhatdental.com/wp-content/themes/appointwaytheme/js/jquery.validate.mine100.js]
[bhatdental.com/wp-content/themes/appointwaytheme/js/custome100.js]
[bhatdental.com/wp-content/plugins/ink-appointment/ink-admin/js/ink-apt-ajaxe100.js]
[bhatdental.com/xmlrpc0db0.php]
[bhatdental.com/wp-json/index.html]
[bhatdental.com/wp-includes/wlwmanifest.xml]
[bhatdental.com/wp-content/uploads/2014/10/bhatdentalfavicon.png]
[bhatdental.com/wp-content/uploads/2014/10/bhatlogo1.jpg]
[bhatdental.com/wp-content/uploads/2014/10/slide6.jpg]
[bhatdental.com/services/index.html]
[bhatdental.com/wp-content/uploads/2014/10/slide5.jpg]
[bhatdental.com/wp-content/uploads/2014/10/slide4.jpg]
[bhatdental.com/preventive-care/index.html]
[bhatdental.com/wp-content/uploads/2014/10/slide7.jpg]
[bhatdental.com/education-centre/index.html]
[bhatdental.com/wp-content/uploads/2014/10/slide2.jpg]
[bhatdental.com/gallery/index.html]
[bhatdental.com/patient-staff/index.html]
[bhatdental.com/wp-content/uploads/2014/10/slide1.jpg]
[bhatdental.com/wp-content/uploads/2014/10/slide3.jpg]
[bhatdental.com/treatment-pictures/index.html]
[bhatdental.com/wp-content/uploads/2014/10/cos11.jpg]
[bhatdental.com/wp-content/uploads/2014/10/cos2.jpg]
[bhatdental.com/locations-hours/index.html]
[bhatdental.com/wp-content/uploads/2014/10/cos3.jpg]
[bhatdental.com/wp-content/uploads/2014/10/cos4.jpg]
[bhatdental.com/make-appointment/index.html]
[bhatdental.com/post-appointment-survey/index.html]
[bhatdental.com/wp-content/uploads/2014/10/education.jpg]
[bhatdental.com/refer-a-friend/index.html]
[bhatdental.com/wp-content/uploads/2014/10/child.jpg]
[bhatdental.com/wp-content/uploads/2014/10/prvent.jpg]
[bhatdental.com/category/education-center/index.html]
[bhatdental.com/category/dentistry-for-kids/index.html]
[bhatdental.com/wp-content/uploads/2014/10/testi.jpg]
[bhatdental.com/wp-content/themes/appointwaytheme/images/paypal.png]
[bhatdental.com/wp-content/uploads/2014/12/motto-.png]
[bhatdental.com/category/preventive-care/index.html]
[bhatdental.com/wp-content/uploads/2014/12/team-.png]
[bhatdental.com/bhat-dental-associates-motto/index.html]
[bhatdental.com/team/index.html]
[bhatdental.com/wp-content/uploads/2014/12/facility-.png]
[bhatdental.com/wp-content/uploads/2014/12/testimony-.png]
[bhatdental.com/our-facilities/index.html]
[bhatdental.com/wp-content/themes/appointwaytheme/images/tw.png]
[bhatdental.com/wp-content/themes/appointwaytheme/images/fb.png]
[bhatdental.com/wp-content/themes/appointwaytheme/images/gp.png]
[bhatdental.com/testimonials/index.html]
[bhatdental.com/wp-content/themes/appointwaytheme/images/ln.png]
[bhatdental.com/wp-content/uploads/2014/12/insta.png]
[bhatdental.com/wp-content/plugins/wp-hit-counter/designs/Basic/2/2.gif]
[bhatdental.com/wp-content/plugins/wp-hit-counter/designs/Basic/2/3.gif]
[bhatdental.com/wp-content/plugins/wp-hit-counter/designs/Basic/2/4.gif]
[bhatdental.com/wp-content/plugins/wp-hit-counter/designs/Basic/2/6.gif]
[bhatdental.com/wp-content/plugins/contact-form-7/includes/js/jquery.form.mind03d.js]
[bhatdental.com/wp-content/plugins/contact-form-7/includes/js/scriptsf39e.js]
[bhatdental.com/wp-includes/js/wp-embed.mine100.js]
[bhatdental.com/wp-content/themes/appointwaytheme/js/mobile-menue100.js]
[bhatdental.com/index.html]
[bhatdental.com/xmlrpc.php]
[bhatdental.com/wp-content/themes/appointwaytheme/images/bg.png]
[bhatdental.com/wp-content/themes/appointwaytheme/images/mob-img.png]
[bhatdental.com/wp-content/themes/appointwaytheme/images/menu-bg.png]
[bhatdental.com/wp-content/themes/appointwaytheme/images/menu-seprater.png]
[bhatdental.com/wp-content/themes/appointwaytheme/images/menu_current_bg.png]
[bhatdental.com/wp-content/themes/appointwaytheme/images/menu-tip.png]
[bhatdental.com/wp-content/themes/appointwaytheme/images/drop-menu-bg.png]
[bhatdental.com/wp-content/themes/appointwaytheme/images/footer-heading-seprater.png]
[bhatdental.com/wp-content/themes/appointwaytheme/images/page-info-line.png]
[bhatdental.com/wp-content/themes/appointwaytheme/images/next.png]
[bhatdental.com/wp-content/themes/appointwaytheme/images/prev.png]
[bhatdental.com/wp-content/themes/appointwaytheme/images/flex-play.png]
[bhatdental.com/wp-content/themes/appointwaytheme/images/flex-pause.png]
[bhatdental.com/wp-content/themes/appointwaytheme/images/feature-readmore.png]
[bhatdental.com/wp-content/themes/appointwaytheme/images/form-bg-top.png]
[bhatdental.com/wp-content/themes/appointwaytheme/images/form-bg-center.png]
[bhatdental.com/wp-content/themes/appointwaytheme/images/form-bg-bottom.png]
[bhatdental.com/wp-content/themes/appointwaytheme/images/app-text.png]
[bhatdental.com/wp-content/themes/appointwaytheme/images/select-arrow.png]
[bhatdental.com/wp-content/themes/appointwaytheme/images/vercodebg.png]
[bhatdental.com/wp-content/themes/appointwaytheme/images/captchacodebg.png]
[bhatdental.com/wp-content/themes/appointwaytheme/images/app-submit-bg.png]
[bhatdental.com/wp-content/themes/appointwaytheme/images/appointment-btn.png]
[bhatdental.com/wp-content/themes/appointwaytheme/images/info-tip.png]
[bhatdental.com/wp-content/themes/appointwaytheme/images/hour-img.png]
[bhatdental.com/wp-content/themes/appointwaytheme/images/address-img.png]
[bhatdental.com/wp-content/themes/appointwaytheme/images/map-shadow.png]
[bhatdental.com/wp-content/themes/appointwaytheme/images/footer-bg.png]
[bhatdental.com/wp-content/themes/appointwaytheme/images/footer-search-bg.png]
[bhatdental.com/wp-content/themes/appointwaytheme/images/footer-search-btn.png]
[bhatdental.com/wp-content/themes/appointwaytheme/images/heading-shadow.png]
[bhatdental.com/wp-content/themes/appointwaytheme/images/admin-img.png]
[bhatdental.com/wp-content/themes/appointwaytheme/images/post-date.png]
[bhatdental.com/wp-content/themes/appointwaytheme/images/post-category.png]
[bhatdental.com/wp-content/themes/appointwaytheme/images/post-comment.png]
[bhatdental.com/wp-content/themes/appointwaytheme/images/index-line.png]
[bhatdental.com/wp-content/themes/appointwaytheme/images/side-searchbg.png]
[bhatdental.com/wp-content/themes/appointwaytheme/images/side-search.png]
[bhatdental.com/wp-content/themes/appointwaytheme/images/replybg.png]
[bhatdental.com/wp-content/themes/appointwaytheme/images/post-btn.png]
[bhatdental.com/wp-content/themes/appointwaytheme/images/blockqoute.png]
[bhatdental.com/wp-content/themes/appointwaytheme/images/responsive_arrow.png]
[bhatdental.com/wp-content/themes/appointwaytheme/images/view_photo.png]
[bhatdental.com/wp-content/themes/appointwaytheme/images/footerform2-bg-960-top.png]
[bhatdental.com/wp-content/themes/appointwaytheme/images/footerform2-bg-960-center.png]
[bhatdental.com/wp-content/themes/appointwaytheme/images/footerform2-bg-960-bottom.png]
[bhatdental.com/wp-content/themes/appointwaytheme/images/footerapp-text-960.png]
[bhatdental.com/wp-content/themes/appointwaytheme/images/app-submit-bg-960.png]
[bhatdental.com/wp-content/themes/appointwaytheme/images/appointment-btn-960.png]
[bhatdental.com/wp-content/themes/appointwaytheme/images/sidebarform-bg-960-top.png]
[bhatdental.com/wp-content/themes/appointwaytheme/images/sidebarform-bg-960-center.png]
[bhatdental.com/wp-content/themes/appointwaytheme/images/sidebarform-bg-960-bottom.png]
[bhatdental.com/wp-content/themes/appointwaytheme/images/app-text-960.png]
[bhatdental.com/wp-content/themes/appointwaytheme/images/form-bg-960-top.png]
[bhatdental.com/wp-content/themes/appointwaytheme/images/form-bg-960-center.png]
[bhatdental.com/wp-content/themes/appointwaytheme/images/form-bg-960-bottom.png]
[bhatdental.com/wp-content/themes/appointwaytheme/images/map-shadow-shadow.png]
[bhatdental.com/wp-content/themes/appointwaytheme/images/footerform-bg-960-top.png]
[bhatdental.com/wp-content/themes/appointwaytheme/images/footerform-bg-960-center.png]
[bhatdental.com/wp-content/themes/appointwaytheme/images/footerform-bg-960-bottom.png]
[bhatdental.com/wp-content/themes/appointwaytheme/images/footerformipad-bg-960-top.png]
[bhatdental.com/wp-content/themes/appointwaytheme/images/footerformipad-bg-960-center.png]
[bhatdental.com/wp-content/themes/appointwaytheme/images/footerformipad-bg-960-bottom.png]
[bhatdental.com/wp-content/themes/appointwaytheme/images/footeripadapp-text-960.png]
[bhatdental.com/wp-content/themes/appointwaytheme/images/footeripadapp-submit-bg-960.png]
[bhatdental.com/wp-content/themes/appointwaytheme/images/footeripadappointment-btn-960.png]
[bhatdental.com/wp-content/themes/appointwaytheme/images/tap-to-call.png]
[bhatdental.com/wp-content/themes/appointwaytheme/style.css]
[bhatdental.com/wp-content/themes/appointwaytheme/css/button-image/button.png]
[bhatdental.com/wp-content/themes/appointwaytheme/css/button-image/button2.png]
[bhatdental.com/wp-content/themes/appointwaytheme/css/button-image/bluebutton2.png]
[bhatdental.com/wp-content/themes/appointwaytheme/css/button-image/pinkbutton2.png]
[bhatdental.com/wp-content/themes/appointwaytheme/css/button-image/greenbutton2.png]
[bhatdental.com/wp-content/themes/appointwaytheme/css/button-image/brownbutton2.png]
[bhatdental.com/wp-content/themes/appointwaytheme/css/button-image/yellowbutton2.png]
[bhatdental.com/wp-content/themes/appointwaytheme/css/button-image/pinkbutton.png]
[bhatdental.com/wp-content/themes/appointwaytheme/css/button-image/greenbutton.png]
[bhatdental.com/wp-content/themes/appointwaytheme/css/button-image/brownbutton.png]
[bhatdental.com/wp-content/themes/appointwaytheme/css/button-image/yellowbutton.png]
[bhatdental.com/wp-content/themes/appointwaytheme/css/button-image/sprite-button.png]
[bhatdental.com/wp-content/themes/appointwaytheme/css/images/codebg.jpg]
[bhatdental.com/wp-content/themes/appointwaytheme/css/shortcodee100.css]
[bhatdental.com/wp-content/plugins/contact-form-7/includes/css/stylesf39e.css]
[bhatdental.com/wp-content/plugins/ink-appointment/ink-admin/js/cal-front/images/animated-overlay.gif]
[bhatdental.com/wp-content/plugins/ink-appointment/ink-admin/js/cal-front/images/ui-bg_flat_75_ffffff_40x100.png]
[bhatdental.com/wp-content/plugins/ink-appointment/ink-admin/js/cal-front/images/ui-bg_highlight-soft_75_cccccc_1x100.png]
[bhatdental.com/wp-content/plugins/ink-appointment/ink-admin/js/cal-front/images/ui-bg_glass_75_e6e6e6_1x400.png]
[bhatdental.com/wp-content/plugins/ink-appointment/ink-admin/js/cal-front/images/ui-bg_glass_75_dadada_1x400.png]
[bhatdental.com/wp-content/plugins/ink-appointment/ink-admin/js/cal-front/images/ui-bg_glass_65_ffffff_1x400.png]
[bhatdental.com/wp-content/plugins/ink-appointment/ink-admin/js/cal-front/images/ui-bg_glass_55_fbf9ee_1x400.png]
[bhatdental.com/wp-content/plugins/ink-appointment/ink-admin/js/cal-front/images/ui-bg_glass_95_fef1ec_1x400.png]
[bhatdental.com/wp-content/plugins/ink-appointment/ink-admin/js/cal-front/images/ui-icons_222222_256x240.png]
[bhatdental.com/wp-content/plugins/ink-appointment/ink-admin/js/cal-front/images/ui-icons_888888_256x240.png]
[bhatdental.com/wp-content/plugins/ink-appointment/ink-admin/js/cal-front/images/ui-icons_454545_256x240.png]
[bhatdental.com/wp-content/plugins/ink-appointment/ink-admin/js/cal-front/images/ui-icons_2e83ff_256x240.png]
[bhatdental.com/wp-content/plugins/ink-appointment/ink-admin/js/cal-front/images/ui-icons_cd0a0a_256x240.png]
[bhatdental.com/wp-content/plugins/ink-appointment/ink-admin/js/cal-front/images/ui-bg_flat_0_aaaaaa_40x100.png]
[bhatdental.com/wp-content/plugins/ink-appointment/ink-admin/js/cal-front/jquery-uie100.css]
[bhatdental.com/wp-content/plugins/ink-appointment/ink-admin/css/ink-forme100.css]
[bhatdental.com/wp-content/plugins/print-o-matic/css/print-icon.png]
[bhatdental.com/wp-content/plugins/print-o-matic/css/print-icon-small.png]
[bhatdental.com/wp-content/plugins/print-o-matic/css/print-icon-small-black.png]
[bhatdental.com/wp-content/plugins/print-o-matic/css/print-icon-small-grey.png]
[bhatdental.com/wp-content/plugins/print-o-matic/css/print-icon-small-white.png]
[bhatdental.com/wp-content/plugins/print-o-matic/css/style62ea.css]
[bhatdental.com/wp-content/plugins/font-awesome/assets/font/fontawesome-webfontf77b.eot]
[bhatdental.com/wp-content/plugins/font-awesome/assets/font/fontawesome-webfontd41d.eot]
[bhatdental.com/wp-content/plugins/font-awesome/assets/font/fontawesome-webfontf77b.woff]
[bhatdental.com/wp-content/plugins/font-awesome/assets/font/fontawesome-webfontf77b.ttf]
[bhatdental.com/wp-content/plugins/font-awesome/assets/css/font-awesome.mindeae.css]
[bhatdental.com/wp-content/themes/appointwaytheme/lib/leads_form/js/ lead_ajaxe100.html]
[bhatdental.com/wp-includes/js/comment-reply.mine100.js]
[bhatdental.com/wp-json/oembed/1.0/embed8234.json]
[bhatdental.com/services/feed/index.html]
[bhatdental.com/wp-json/oembed/1.0/embed2456]
[bhatdental.com/services/]
[bhatdental.com/wp-content/plugins/cleanprint-lt/images/CleanPrintBtn_white.png]
[bhatdental.com/wp-content/plugins/cleanprint-lt/images/PdfBtn_white.png]
[bhatdental.com/wp-content/plugins/cleanprint-lt/images/EmailBtn_white.png]
[bhatdental.com/wp-content/uploads/2014/10/tip1.png]
[bhatdental.com/wp-content/plugins/wp-hit-counter/designs/Basic/2/9.gif]
[bhatdental.com/services/index.html]
[bhatdental.com/health-links/index.html]
[bhatdental.com/wp-json/oembed/1.0/embed5452.json]
[bhatdental.com/latest-updates-offers/index.html]
[bhatdental.com/preventive-care/feed/index.html]
[bhatdental.com/wp-json/oembed/1.0/embed60c3]
[bhatdental.com/preventive-care/]
[bhatdental.com/wp-content/plugins/wp-hit-counter/designs/Basic/2/0.gif]
[bhatdental.com/preventive-care/index.html]
[bhatdental.com/preventive-care-instruction/index.html]
[bhatdental.com/brushing-and-flossing/index.html]
[bhatdental.com/wp-json/oembed/1.0/embed6acc.json]
[bhatdental.com/fluoride/index.html]
[bhatdental.com/sealants/index.html]
[bhatdental.com/fillings/index.html]
[bhatdental.com/education-centre/feed/index.html]
[bhatdental.com/wp-json/oembed/1.0/embed149d]
[bhatdental.com/education-centre/]
[bhatdental.com/wp-content/plugins/wp-hit-counter/designs/Basic/2/1.gif]
[bhatdental.com/education-centre/index.html]
[bhatdental.com/keep-your-teeth-beautiful-with-these-easy-tips/index.html]
[bhatdental.com/wp-json/oembed/1.0/embed6ed7.json]
[bhatdental.com/4-tooth-brushing-mistakes-what-youre-doing-wrong-while-you-brush/index.html]
[bhatdental.com/top-five-reasons-to-smile/index.html]
[bhatdental.com/braces-dont-have-to-be-a-burden/index.html]
[bhatdental.com/lets-get-straight-into-the-discussion-surrounding-braces-and-invisalign/index.html]
[bhatdental.com/wp-json/oembed/1.0/embedeaf7]
[bhatdental.com/gallery/feed/index.html]
[bhatdental.com/gallery/]
[bhatdental.com/gallery/index.html]
[bhatdental.com/wp-json/oembed/1.0/embed315d.json]
[bhatdental.com/patient-staff/feed/index.html]
[bhatdental.com/wp-json/oembed/1.0/embedc77f]
[bhatdental.com/wp-content/plugins/ai-responsive-gallery-album/js/ai-responsive-gallerye100.js]
[bhatdental.com/wp-content/plugins/ai-responsive-gallery-album/js/jquery.colorbox-mine100.js]
[bhatdental.com/patient-staff/]
[bhatdental.com/patient-staff/index.html]
[bhatdental.com/wp-json/oembed/1.0/embedaac5.json]
[bhatdental.com/treatment-pictures/feed/index.html]
[bhatdental.com/wp-json/oembed/1.0/embedf356]
[bhatdental.com/treatment-pictures/]
[bhatdental.com/treatment-pictures/index.html]
[bhatdental.com/locations-hours/feed/index.html]
[bhatdental.com/wp-json/oembed/1.0/embed17e7.json]
[bhatdental.com/wp-json/oembed/1.0/embedea0b]
[bhatdental.com/wp-content/plugins/wp-hit-counter/designs/Basic/2/5.gif]
[bhatdental.com/locations-hours/index.html]
[bhatdental.com/wp-json/oembed/1.0/embedaf35.json]
[bhatdental.com/wp-json/oembed/1.0/embedf36e]
[bhatdental.com/make-appointment/]
[bhatdental.com/wp-content/uploads/2014/12/HIPPA_Law_form_.pdf]
[bhatdental.com/wp-content/uploads/2014/12/informationpw_.pdf]
[ajax.googleapis.com/ajax/libs/jquery/1.10.2/jquery.min.js]
[cdnjs.cloudflare.com/ajax/libs/jquery-form-validator/2.1.47/jquery.form-validator.min.js]
[bhatdental.com/make-appointment/index.html]
[bhatdental.com/wp-json/oembed/1.0/embeda3e9.json]
[bhatdental.com/post-appointment-survey/feed/index.html]
[bhatdental.com/wp-json/oembed/1.0/embed4abc]
[bhatdental.com/post-appointment-survey/]
[bhatdental.com/post-appointment-survey/index.html]
[bhatdental.com/wp-json/oembed/1.0/embed67eb.json]
[bhatdental.com/refer-a-friend/feed/index.html]
[code.jquery.com/ui/1.10.2/jquery-ui.js]
[bhatdental.com/wp-json/oembed/1.0/embedbca5]
[bhatdental.com/refer-a-friend/]
[bhatdental.com/wp-content/plugins/wp-hit-counter/designs/Basic/2/7.gif]
[bhatdental.com/refer-a-friend/index.html]
[bhatdental.com/wp-content/uploads/thumb-cache/pain-4dd849c546d650635b401b5730c9283c-216x168-100-crop.jpg]
[bhatdental.com/wp-content/uploads/thumb-cache/mum-and-daughter-6ea1a575586f69b0a7a55d026e5b0752-216x168-100-crop.jpg]
[bhatdental.com/wp-content/uploads/thumb-cache/missing-teeth-0dd6800ea03ca1617c69cd20d504c268-216x168-100-crop.jpg]
[bhatdental.com/wp-content/uploads/thumb-cache/lets-get-straight-601a7951513997735c12d14af92859c5-216x168-100-crop.jpg]
[bhatdental.com/category/education-center/feed/index.html]
[bhatdental.com/wp-content/uploads/thumb-cache/Braces-dont-have-to-be-a-burden-7dab7a8f9ddb52d821fe0bba2a6706a8-216x168-100-crop.jpg]
[bhatdental.com/wisdom-teeth-whats-the-hassle/index.html]
[bhatdental.com/my-tooth-is-infectedwhat-can-i-do/index.html]
[bhatdental.com/wp-content/uploads/thumb-cache/cosmetic-dentistry-1-1024x682-31e711900f91668f4be011911489dc5d-216x168-100-crop.jpg]
[bhatdental.com/wp-content/uploads/thumb-cache/shutterstock_94390639-6191f45e37e88d2a3cc451b4c87b33fb-216x168-100-crop.jpg]
[bhatdental.com/mini-dental-implants-and-traditional-dental-implants-whats-the-difference/index.html]
[bhatdental.com/wp-content/uploads/thumb-cache/smile-teeth-b7b3dc86ee27f9a6c05007bd0d4532cf-216x168-100-crop.jpg]
[bhatdental.com/wp-content/plugins/wp-hit-counter/designs/Basic/2/8.gif]
[bhatdental.com/category/education-center/index.html]
[bhatdental.com/wp-content/uploads/thumb-cache/sports-dentistry-c6a3f15a1e47ad8e714e3514b7ab9791-216x168-9-crop.png]
[bhatdental.com/sports-dentistry/index.html]
[bhatdental.com/category/dentistry-for-kids/feed/index.html]
[bhatdental.com/wp-content/uploads/thumb-cache/thumb-sucking-7aeb888522626d987badce1a491f0126-216x168-9-crop.png]
[bhatdental.com/category/dentistry-for-kids/index.html]
[bhatdental.com/wp-content/uploads/thumb-cache/mouthguards-18cbd1a3716692bedbacda4a10c2da3c-216x168-9-crop.png]
[bhatdental.com/thumb-sucking/index.html]
[bhatdental.com/category/preventive-care/feed/index.html]
[bhatdental.com/wp-content/uploads/thumb-cache/fillings-2a7101a2b627d353573bdb744673698a-216x168-9-crop.png]
[bhatdental.com/mouthguards/index.html]
[bhatdental.com/wp-content/uploads/thumb-cache/sealants-08331ad2cb8c848ad7bc4ef5739f40bd-216x168-9-crop.png]
[bhatdental.com/wp-content/uploads/thumb-cache/fluoride-a36f7efeb18c3306b10ee4e744a47864-216x168-9-crop.png]
[bhatdental.com/wp-content/uploads/thumb-cache/brushing-and-flossing-304fa3e577226aec35070fdf1eefb547-216x168-9-crop.png]
[bhatdental.com/wp-content/uploads/thumb-cache/preventive-care-655838cf1c4c517ec5425779266d2286-216x168-9-crop.png]
[bhatdental.com/category/preventive-care/index.html]
[bhatdental.com/wp-json/oembed/1.0/embed7f41.json]
[bhatdental.com/bhat-dental-associates-motto/feed/index.html]
[bhatdental.com/wp-json/oembed/1.0/embed4c77]
[bhatdental.com/bhat-dental-associates-motto/index.html]
[bhatdental.com/wp-json/oembed/1.0/embed1b77.json]
[bhatdental.com/team/feed/index.html]
[bhatdental.com/wp-json/oembed/1.0/embed5e28]
[bhatdental.com/wp-content/uploads/2014/10/NarayanaBhat.jpg]
[bhatdental.com/wp-content/uploads/2014/10/MeghaHegde.jpg]
[bhatdental.com/wp-content/uploads/2015/09/New-team.jpg]
[bhatdental.com/wp-content/uploads/2014/10/TAMMYLEERDH.jpg]
[bhatdental.com/wp-content/uploads/2016/08/Teamy-300-400.jpg]
[bhatdental.com/wp-content/uploads/2014/10/BETHANYGOINS.jpg]
[bhatdental.com/wp-content/uploads/2016/09/IMG_5641.jpg]
[bhatdental.com/wp-content/uploads/2014/10/CORETTACOLE.jpg]
[bhatdental.com/wp-content/uploads/2015/10/Shiela.jpg]
[bhatdental.com/wp-content/uploads/2016/08/Laurel.jpg]
[bhatdental.com/wp-content/uploads/2016/08/Christina.jpg]
[bhatdental.com/wp-content/uploads/2014/10/RANIAKONDOS.jpg]
[bhatdental.com/wp-content/uploads/2016/08/Britany.jpg]
[bhatdental.com/team/index.html]
[bhatdental.com/wp-json/oembed/1.0/embed6542.json]
[bhatdental.com/our-facilities/feed/index.html]
[bhatdental.com/wp-json/oembed/1.0/embed3c52]
[bhatdental.com/our-facilities/]
[bhatdental.com/wp-content/uploads/2014/10/s5.jpg]
[bhatdental.com/wp-content/uploads/thumb-cache/s5-a9667f114f0b81342a8fcf69e856d2ea-218x168-100-crop.jpg]
[bhatdental.com/wp-content/uploads/2014/10/s4.jpg]
[bhatdental.com/wp-content/uploads/thumb-cache/s4-0f50d10de54f33451089a1b0e726a112-218x168-100-crop.jpg]
[bhatdental.com/wp-content/uploads/2014/10/s3.jpg]
[bhatdental.com/wp-content/uploads/thumb-cache/s3-16729b219c3ed31832bf405e1cbc9242-218x168-100-crop.jpg]
[bhatdental.com/wp-content/uploads/2014/10/s2.jpg]
[bhatdental.com/wp-content/uploads/thumb-cache/s2-581d7e6cefc3b89472675abb98360bbf-218x168-100-crop.jpg]
[bhatdental.com/wp-content/uploads/2014/10/s1.jpg]
[bhatdental.com/wp-content/uploads/thumb-cache/s1-09ee22b9223ba4bb481eeb5e10b22daf-218x168-100-crop.jpg]
[bhatdental.com/wp-content/uploads/2014/10/41.jpg]
[bhatdental.com/wp-content/uploads/thumb-cache/41-13caa726767c5f4a0d5dc8438042d18b-218x168-100-crop.jpg]
[bhatdental.com/wp-content/uploads/2014/10/31.jpg]
[bhatdental.com/wp-content/uploads/thumb-cache/31-cc9fe242cff341e786b2f488a0cff373-218x168-100-crop.jpg]
[bhatdental.com/wp-content/uploads/2014/10/21.jpg]
[bhatdental.com/wp-content/uploads/thumb-cache/21-eef8b3e79fd4ba3c0117f93fe60ffe44-218x168-100-crop.jpg]
[bhatdental.com/wp-content/uploads/2014/10/11.jpg]
[bhatdental.com/wp-content/uploads/thumb-cache/11-f1b339e128850bc46e21427b68ed3e6c-218x168-100-crop.jpg]
[bhatdental.com/wp-content/uploads/2014/10/51.jpg]
[bhatdental.com/wp-content/uploads/thumb-cache/51-9ab192ad566554665d865a876707f5c7-218x168-100-crop.jpg]
[bhatdental.com/wp-content/uploads/2015/10/IMG_2090.jpg]
[bhatdental.com/wp-content/uploads/thumb-cache/IMG_2090-cd28afb48d4de23bf7d7749f8417f43d-218x168-100-crop.jpg]
[bhatdental.com/wp-content/uploads/2015/10/IMG_2092.jpg]
[bhatdental.com/wp-content/uploads/thumb-cache/IMG_2092-3bf4b85c8d6bd04b0445354b186028d6-218x168-100-crop.jpg]
[bhatdental.com/wp-content/uploads/2015/10/IMG_2105.jpg]
[bhatdental.com/wp-content/uploads/thumb-cache/IMG_2105-1112293878dd1a43c7c843b705fb69ad-218x168-100-crop.jpg]
[bhatdental.com/wp-content/uploads/2015/10/IMG_2111.jpg]
[bhatdental.com/wp-content/uploads/thumb-cache/IMG_2111-8d1dc1c34b01a805ab767930d5bbaf42-218x168-100-crop.jpg]
[bhatdental.com/wp-content/uploads/2015/10/IMG_2112.jpg]
[bhatdental.com/wp-content/uploads/thumb-cache/IMG_2112-cf972dd66dfd45cfc35c7df15074c42a-218x168-100-crop.jpg]
[bhatdental.com/wp-content/uploads/2015/10/IMG_2114.jpg]
[bhatdental.com/wp-content/uploads/thumb-cache/IMG_2114-e557416af9d58b232b7a3bc42bff9f49-218x168-100-crop.jpg]
[bhatdental.com/our-facilities/index.html]
[bhatdental.com/wp-json/oembed/1.0/embed6b45.json]
[bhatdental.com/testimonials/feed/index.html]
[bhatdental.com/wp-json/oembed/1.0/embedc06e]
[bhatdental.com/wp-content/uploads/2015/02/thumbs-up.jpg]
[bhatdental.com/wp-content/uploads/2015/06/testimonial_2.jpg]
[bhatdental.com/testimonials/index.html]
[bhatdental.com/wp-content/plugins/shortcodes-ultimate/assets/images/quote.png]
[bhatdental.com/wp-content/plugins/shortcodes-ultimate/assets/images/styles/style-soft.png]
[bhatdental.com/wp-content/plugins/shortcodes-ultimate/assets/images/styles/style-glass.png]
[bhatdental.com/wp-content/plugins/shortcodes-ultimate/assets/images/styles/style-bubbles.png]
[bhatdental.com/wp-content/plugins/shortcodes-ultimate/assets/images/styles/style-noise.png]
[bhatdental.com/wp-content/plugins/shortcodes-ultimate/assets/css/box-shortcodes20fd.css]
[bhatdental.com/wp-content/themes/appointwaytheme/css/reset.css]
[bhatdental.com/wp-content/themes/appointwaytheme/css/960_24_col_responsive.css]
[bhatdental.com/wp-content/themes/appointwaytheme/images/prettyPhoto/default/sprite.png]
[bhatdental.com/wp-content/themes/appointwaytheme/images/prettyPhoto/default/sprite_x.png]
[bhatdental.com/wp-content/themes/appointwaytheme/images/prettyPhoto/default/sprite_y.png]
[bhatdental.com/wp-content/themes/appointwaytheme/images/prettyPhoto/default/sprite_next.png]
[bhatdental.com/wp-content/themes/appointwaytheme/images/prettyPhoto/default/sprite_prev.png]
[bhatdental.com/wp-content/themes/appointwaytheme/images/prettyPhoto/default/default_thumb.png]
[bhatdental.com/wp-content/themes/appointwaytheme/images/prettyPhoto/default/loader.gif]
[bhatdental.com/wp-content/themes/appointwaytheme/images/prettyPhoto/light_rounded/sprite.png]
[bhatdental.com/wp-content/themes/appointwaytheme/images/prettyPhoto/light_rounded/btnNext.png]
[bhatdental.com/wp-content/themes/appointwaytheme/images/prettyPhoto/light_rounded/btnPrevious.png]
[bhatdental.com/wp-content/themes/appointwaytheme/images/prettyPhoto/light_rounded/loader.gif]
[bhatdental.com/wp-content/themes/appointwaytheme/images/prettyPhoto/dark_rounded/sprite.png]
[bhatdental.com/wp-content/themes/appointwaytheme/images/prettyPhoto/dark_rounded/contentPattern.png]
[bhatdental.com/wp-content/themes/appointwaytheme/images/prettyPhoto/dark_rounded/btnNext.png]
[bhatdental.com/wp-content/themes/appointwaytheme/images/prettyPhoto/dark_rounded/btnPrevious.png]
[bhatdental.com/wp-content/themes/appointwaytheme/images/prettyPhoto/dark_rounded/loader.gif]
[bhatdental.com/wp-content/themes/appointwaytheme/images/prettyPhoto/dark_square/loader.gif]
[bhatdental.com/wp-content/themes/appointwaytheme/images/prettyPhoto/dark_square/sprite.png]
[bhatdental.com/wp-content/themes/appointwaytheme/images/prettyPhoto/dark_square/btnNext.png]
[bhatdental.com/wp-content/themes/appointwaytheme/images/prettyPhoto/dark_square/btnPrevious.png]
[bhatdental.com/wp-content/themes/appointwaytheme/images/prettyPhoto/light_square/sprite.png]
[bhatdental.com/wp-content/themes/appointwaytheme/images/prettyPhoto/light_square/btnNext.png]
[bhatdental.com/wp-content/themes/appointwaytheme/images/prettyPhoto/light_square/btnPrevious.png]
[bhatdental.com/wp-content/themes/appointwaytheme/images/prettyPhoto/facebook/sprite.png]
[bhatdental.com/wp-content/themes/appointwaytheme/images/prettyPhoto/facebook/contentPatternTop.png]
[bhatdental.com/wp-content/themes/appointwaytheme/images/prettyPhoto/facebook/contentPatternLeft.png]
[bhatdental.com/wp-content/themes/appointwaytheme/images/prettyPhoto/facebook/contentPatternRight.png]
[bhatdental.com/wp-content/themes/appointwaytheme/images/prettyPhoto/facebook/loader.gif]
[bhatdental.com/wp-content/themes/appointwaytheme/images/prettyPhoto/facebook/btnNext.png]
[bhatdental.com/wp-content/themes/appointwaytheme/images/prettyPhoto/facebook/btnPrevious.png]
[bhatdental.com/wp-content/themes/appointwaytheme/images/prettyPhoto/facebook/contentPatternBottom.png]
[bhatdental.com/wp-content/themes/appointwaytheme/images/prettyPhoto/facebook/default_thumbnail.gif]
[bhatdental.com/wp-content/themes/appointwaytheme/css/prettyPhoto.css]
[bhatdental.com/wp-content/themes/appointwaytheme/css/shortcode.css]
[bhatdental.com/wp-content/themes/appointwaytheme/images/bg.html]
[bhatdental.com/wp-content/themes/appointwaytheme/images/index-line.html]
[bhatdental.com/wp-content/themes/appointwaytheme/images/replybg.html]
[bhatdental.com/wp-content/themes/appointwaytheme/images/view_photo.html]
[bhatdental.com/wp-content/themes/appointwaytheme/images/footeripadapp-submit-bg-960.html]
[bhatdental.com/wp-content/themes/appointwaytheme/css/images/codebg.html]
[bhatdental.com/wp-content/plugins/ink-appointment/ink-admin/js/cal-front/images/animated-overlay.html]
[bhatdental.com/wp-content/plugins/ink-appointment/ink-admin/js/cal-front/images/ui-bg_flat_75_ffffff_40x100.html]
[bhatdental.com/wp-content/plugins/ink-appointment/ink-admin/js/cal-front/images/ui-bg_highlight-soft_75_cccccc_1x100.html]
[bhatdental.com/wp-content/plugins/ink-appointment/ink-admin/js/cal-front/images/ui-bg_glass_75_e6e6e6_1x400.html]
[bhatdental.com/wp-content/plugins/ink-appointment/ink-admin/js/cal-front/images/ui-bg_glass_75_dadada_1x400.html]
[bhatdental.com/wp-content/plugins/ink-appointment/ink-admin/js/cal-front/images/ui-bg_glass_65_ffffff_1x400.html]
[bhatdental.com/wp-content/plugins/ink-appointment/ink-admin/js/cal-front/images/ui-bg_glass_55_fbf9ee_1x400.html]
[bhatdental.com/wp-content/plugins/ink-appointment/ink-admin/js/cal-front/images/ui-bg_glass_95_fef1ec_1x400.html]
[bhatdental.com/wp-content/plugins/ink-appointment/ink-admin/js/cal-front/images/ui-icons_888888_256x240.html]
[bhatdental.com/wp-content/plugins/ink-appointment/ink-admin/js/cal-front/images/ui-icons_2e83ff_256x240.html]
[bhatdental.com/wp-content/plugins/ink-appointment/ink-admin/js/cal-front/images/ui-icons_cd0a0a_256x240.html]
[bhatdental.com/wp-content/plugins/ink-appointment/ink-admin/js/cal-front/images/ui-bg_flat_0_aaaaaa_40x100.html]
[bhatdental.com/wp-content/plugins/font-awesome/assets/font/fontawesome-webfont.svg]
[bhatdental.com/index42dc.html]
[bhatdental.com/services/.html]
[bhatdental.com/wp-json/oembed/1.0/embed16c0.json]
[bhatdental.com/health-links/feed/index.html]
[bhatdental.com/wp-json/oembed/1.0/embed3cc2]
[bhatdental.com/wp-content/plugins/siteorigin-panels/widgets/img/checks/charcoal.png]
[bhatdental.com/health-links/index.html]
[bhatdental.com/wp-json/oembed/1.0/embed64f1.json]
[bhatdental.com/latest-updates-offers/feed/index.html]
[bhatdental.com/wp-json/oembed/1.0/embed2ee4]
[bhatdental.com/latest-updates-offers/]
[bhatdental.com/latest-updates-offers/index.html]
[bhatdental.com/index0c93.html]
[bhatdental.com/preventive-care/.html]
[bhatdental.com/wp-json/oembed/1.0/embed95bc.json]
[bhatdental.com/wp-json/oembed/1.0/embedf75f]
[bhatdental.com/preventive-care-instruction/]
[bhatdental.com/author/drnbhat/index.html]
[bhatdental.com/wp-content/uploads/2014/11/preventive-care.png]
[www.drjasonbongiovi.com/sesame_media/images/brushing-and-flossing-dental/brushing_1.gif]
[www.drjasonbongiovi.com/sesame_media/images/brushing-and-flossing-dental/brushing_2.gif]
[www.drjasonbongiovi.com/sesame_media/images/brushing-and-flossing-dental/brushing_3.gif]
[www.drjasonbongiovi.com/sesame_media/images/brushing-and-flossing-dental/brushing_4.gif]
[www.drjasonbongiovi.com/sesame_media/images/brushing-and-flossing-dental/flossing_1.gif]
[www.drjasonbongiovi.com/sesame_media/images/brushing-and-flossing-dental/flossing_2.gif]
[www.drjasonbongiovi.com/sesame_media/images/brushing-and-flossing-dental/flossing_3.gif]
[www.drjasonbongiovi.com/sesame_media/images/brushing-and-flossing-dental/flossing_4.gif]
[bhatdental.com/wp-content/plugins/shortcodes-ultimate/assets/js/other-shortcodes20fd.js]
[bhatdental.com/preventive-care-instruction/index.html]
[bhatdental.com/tag/preventive-care/index.html]
[bhatdental.com/wp-json/oembed/1.0/embed8d7d.json]
[bhatdental.com/wp-json/oembed/1.0/embedcdf7]
[bhatdental.com/brushing-and-flossing/]
[bhatdental.com/wp-content/uploads/2014/11/brushing-and-flossing.png]
[bhatdental.com/brushing-and-flossing/index.html]
[bhatdental.com/wp-json/oembed/1.0/embedee0e.json]
[bhatdental.com/wp-json/oembed/1.0/embedeb03]
[bhatdental.com/fluoride/]
[bhatdental.com/wp-content/uploads/2014/11/fluoride.png]
[bhatdental.com/fluoride/index.html]
[bhatdental.com/wp-json/oembed/1.0/embed7f05.json]
[bhatdental.com/wp-json/oembed/1.0/embedfee4]
[bhatdental.com/sealants/]
[bhatdental.com/wp-content/uploads/2014/11/sealants.png]
[bhatdental.com/wp-content/uploads/2014/11/sealants.gif]
[bhatdental.com/sealants/index.html]
[bhatdental.com/wp-json/oembed/1.0/embeded00.json]
[bhatdental.com/wp-json/oembed/1.0/embed3d72]
[bhatdental.com/fillings/]
[bhatdental.com/wp-content/uploads/2014/11/fillings.png]
[bhatdental.com/fillings/index.html]
[bhatdental.com/wp-content/plugins/shortcodes-ultimate/assets/css/other-shortcodes20fd.css]
[bhatdental.com/indexb773.html]
[bhatdental.com/education-centre/.html]
[bhatdental.com/wp-json/oembed/1.0/embed608b.json]
[bhatdental.com/wp-json/oembed/1.0/embedf1ba]
[bhatdental.com/keep-your-teeth-beautiful-with-these-easy-tips/]
[bhatdental.com/wp-content/uploads/2014/11/smile-teeth.jpg]
[bhatdental.com/keep-your-teeth-beautiful-with-these-easy-tips/index.html]
[bhatdental.com/tag/dental-care/index.html]
[bhatdental.com/tag/education-center-2/index.html]
[bhatdental.com/wp-json/oembed/1.0/embed9e10.json]
[bhatdental.com/wp-json/oembed/1.0/embed7e20]
[bhatdental.com/4-tooth-brushing-mistakes-what-youre-doing-wrong-while-you-brush/]
[bhatdental.com/wp-content/uploads/2014/11/shutterstock_94390639.jpg]
[bhatdental.com/4-tooth-brushing-mistakes-what-youre-doing-wrong-while-you-brush/index.html]
[bhatdental.com/wp-json/oembed/1.0/embedbf91.json]
[bhatdental.com/wp-json/oembed/1.0/embed45d8]
[bhatdental.com/top-five-reasons-to-smile/]
[bhatdental.com/wp-content/uploads/2014/11/cosmetic-dentistry-1.jpg]
[bhatdental.com/wp-content/uploads/2014/11/cosmetic-dentistry-1-1024x682.jpg]
[bhatdental.com/top-five-reasons-to-smile/index.html]
[bhatdental.com/wp-json/oembed/1.0/embede92a.json]
[bhatdental.com/wp-json/oembed/1.0/embed3e06]
[bhatdental.com/braces-dont-have-to-be-a-burden/]
[bhatdental.com/wp-content/uploads/2014/11/Braces-dont-have-to-be-a-burden.jpg]
[bhatdental.com/braces-dont-have-to-be-a-burden/index.html]
[bhatdental.com/wp-json/oembed/1.0/embeda925.json]
[bhatdental.com/wp-json/oembed/1.0/embed7fca]
[bhatdental.com/lets-get-straight-into-the-discussion-surrounding-braces-and-invisalign/]
[bhatdental.com/wp-content/uploads/2014/11/lets-get-straight.jpg]
[bhatdental.com/lets-get-straight-into-the-discussion-surrounding-braces-and-invisalign/index.html]
[bhatdental.com/indexb5fb.html]
[bhatdental.com/gallery/.html]
[bhatdental.com/indexbdfa.html]
[bhatdental.com/wp-content/plugins/ai-responsive-gallery-album/css/ai-responsive-gallerye100.css]
[bhatdental.com/wp-content/plugins/ai-responsive-gallery-album/images/overlay.png]
[bhatdental.com/wp-content/plugins/ai-responsive-gallery-album/images/controls.png]
[bhatdental.com/wp-content/plugins/ai-responsive-gallery-album/images/border.png]
[bhatdental.com/wp-content/plugins/ai-responsive-gallery-album/images/loading_background.png]
[bhatdental.com/wp-content/plugins/ai-responsive-gallery-album/images/loading.gif]
[bhatdental.com/wp-content/plugins/ai-responsive-gallery-album/css/colorboxe100.css]
[bhatdental.com/patient-staff/.html]
[bhatdental.com/index504f.html]
[bhatdental.com/treatment-pictures/.html]
[bhatdental.com/wp-content/plugins/siteorigin-panels/css/fronte225.css]
[bhatdental.com/index5831.html]
[bhatdental.com/index3965.html]
[bhatdental.com/make-appointment/.html]
[bhatdental.com/indexf604.html]
[bhatdental.com/post-appointment-survey/.html]
[bhatdental.com/indexd06c.html]
[bhatdental.com/refer-a-friend/.html]
[bhatdental.com/wp-json/oembed/1.0/embed7b64.json]
[bhatdental.com/wp-json/oembed/1.0/embed7b32]
[bhatdental.com/my-tooth-is-infectedwhat-can-i-do/]
[bhatdental.com/wp-content/uploads/2014/11/pain.jpg]
[bhatdental.com/my-tooth-is-infectedwhat-can-i-do/index.html]
[bhatdental.com/wp-json/oembed/1.0/embed6d9d.json]
[bhatdental.com/wp-json/oembed/1.0/embeda8bb]
[bhatdental.com/wisdom-teeth-whats-the-hassle/]
[bhatdental.com/wp-content/uploads/2014/11/mum-and-daughter.jpg]
[bhatdental.com/wisdom-teeth-whats-the-hassle/index.html]
[bhatdental.com/wp-json/oembed/1.0/embed0147.json]
[bhatdental.com/wp-json/oembed/1.0/embedf644]
[bhatdental.com/mini-dental-implants-and-traditional-dental-implants-whats-the-difference/]
[bhatdental.com/wp-content/uploads/2014/11/missing-teeth.jpg]
[bhatdental.com/mini-dental-implants-and-traditional-dental-implants-whats-the-difference/index.html]
[bhatdental.com/wp-json/oembed/1.0/embed4328.json]
[bhatdental.com/sports-dentistry/feed/index.html]
[bhatdental.com/wp-json/oembed/1.0/embeddf61]
[bhatdental.com/538/index.html]
[bhatdental.com/sports-dentistry/]
[bhatdental.com/wp-content/uploads/2014/11/sports-dentistry.png]
[bhatdental.com/sports-dentistry/index.html]
[bhatdental.com/wp-json/oembed/1.0/embedb9f5.json]
[bhatdental.com/thumb-sucking/feed/index.html]
[bhatdental.com/wp-json/oembed/1.0/embed5fd9]
[bhatdental.com/thumb-sucking/]
[bhatdental.com/wp-content/uploads/2014/11/thumb-sucking.png]
[bhatdental.com/thumb-sucking/index.html]
[bhatdental.com/wp-json/oembed/1.0/embedd592.json]
[bhatdental.com/wp-json/oembed/1.0/embedf9f2]
[bhatdental.com/mouthguards/]
[bhatdental.com/wp-content/uploads/2014/11/mouthguards.png]
[bhatdental.com/mouthguards/index.html]
[bhatdental.com/index8ed7.html]
[bhatdental.com/index2cce.html]
[bhatdental.com/indexdb84.html]
[bhatdental.com/our-facilities/.html]
[bhatdental.com/our-facilities/indexcecc.html]
[bhatdental.com/gallery/s5/index.html]
[bhatdental.com/our-facilities/indexd0b5.html]
[bhatdental.com/our-facilities/indexcae3.html]
[bhatdental.com/gallery/s4/index.html]
[bhatdental.com/our-facilities/index3701.html]
[bhatdental.com/our-facilities/indexd51b.html]
[bhatdental.com/gallery/s3/index.html]
[bhatdental.com/our-facilities/index7335.html]
[bhatdental.com/our-facilities/index1af2.html]
[bhatdental.com/gallery/s2/index.html]
[bhatdental.com/our-facilities/indexaab3.html]
[bhatdental.com/gallery/s1/index.html]
[bhatdental.com/our-facilities/index2489.html]
[bhatdental.com/gallery/3-2/index.html]
[bhatdental.com/our-facilities/index28e4.html]
[bhatdental.com/gallery/4-2/index.html]
[bhatdental.com/our-facilities/indexc540.html]
[bhatdental.com/gallery/2-2/index.html]
[bhatdental.com/our-facilities/index7615.html]
[bhatdental.com/gallery/1-2/index.html]
[bhatdental.com/our-facilities/index1bef.html]
[bhatdental.com/gallery/5-2/index.html]
[bhatdental.com/our-facilities/index320e.html]
[bhatdental.com/img_2090/index.html]
[bhatdental.com/our-facilities/index1362.html]
[bhatdental.com/img_2092/index.html]
[bhatdental.com/img_2105/index.html]
[bhatdental.com/our-facilities/index9150.html]
[bhatdental.com/index198a.html]
[www.dentalnspa.com/assets/uploads/images/testimonials.html]
[bhatdental.com/index1c00.html]
[bhatdental.com/index47f2.html]
[bhatdental.com/latest-updates-offers/.html]
[bhatdental.com/index1d24.html]
[bhatdental.com/author/drnbhat/index.html]
[bhatdental.com/img_2111/index.html]
[bhatdental.com/preventive-care-instruction/.html]
[bhatdental.com/img_2112/index.html]
[bhatdental.com/tag/preventive-care/index.html]
[bhatdental.com/author/drnbhat/feed/index.html]
[bhatdental.com/img_2114/index.html]
[bhatdental.com/index1422.html]
[bhatdental.com/brushing-and-flossing/.html]
[bhatdental.com/index8a7d.html]
[bhatdental.com/fluoride/.html]
[bhatdental.com/indexdd01.html]
[bhatdental.com/sealants/.html]
[bhatdental.com/indexf454.html]
[bhatdental.com/fillings/.html]
[bhatdental.com/index8e1b.html]
[bhatdental.com/keep-your-teeth-beautiful-with-these-easy-tips/.html]
[bhatdental.com/tag/dental-care/index.html]
[bhatdental.com/tag/preventive-care/feed/index.html]
[bhatdental.com/author/drnbhat/page/2/index.html]
[bhatdental.com/tag/education-center-2/index.html]
[bhatdental.com/tag/dental-care/feed/index.html]
[bhatdental.com/tag/education-center-2/feed/index.html]
[bhatdental.com/index8fee.html]
[bhatdental.com/4-tooth-brushing-mistakes-what-youre-doing-wrong-while-you-brush/.html]
[bhatdental.com/index6543.html]
[bhatdental.com/top-five-reasons-to-smile/.html]
[bhatdental.com/index67bc.html]
[bhatdental.com/braces-dont-have-to-be-a-burden/.html]
[bhatdental.com/indexcde3.html]
[bhatdental.com/lets-get-straight-into-the-discussion-surrounding-braces-and-invisalign/.html]
[bhatdental.com/index73fa.html]
[bhatdental.com/my-tooth-is-infectedwhat-can-i-do/.html]
[bhatdental.com/index1641.html]
[bhatdental.com/wisdom-teeth-whats-the-hassle/.html]
[bhatdental.com/index0b1f.html]
[bhatdental.com/mini-dental-implants-and-traditional-dental-implants-whats-the-difference/.html]
[bhatdental.com/wp-json/oembed/1.0/embeda29f.json]
[bhatdental.com/wp-json/oembed/1.0/embed92be]
[bhatdental.com/538/]
[bhatdental.com/538/index.html]
[bhatdental.com/indexec81.html]
[bhatdental.com/sports-dentistry/.html]
[bhatdental.com/index2206.html]
[bhatdental.com/thumb-sucking/.html]
[bhatdental.com/index2e31.html]
[bhatdental.com/mouthguards/.html]
[bhatdental.com/category/uncategorized/index.html]
[bhatdental.com/wp-json/oembed/1.0/embed68c6.json]
[bhatdental.com/gallery/s5/feed/index.html]
[bhatdental.com/wp-json/oembed/1.0/embed7ba2]
[bhatdental.com/wp-content/uploads/2014/10/s4-150x150.jpg]
[bhatdental.com/gallery/s5/]
[bhatdental.com/gallery/s5/index.html]
[bhatdental.com/author/index.html]
[bhatdental.com/gallery/attachment/1/index.html]
[bhatdental.com/wp-json/oembed/1.0/embedf6fc.json]
[bhatdental.com/gallery/s4/feed/index.html]
[bhatdental.com/wp-json/oembed/1.0/embed551b]
[bhatdental.com/wp-content/uploads/2014/10/s3-150x150.jpg]
[bhatdental.com/wp-content/uploads/2014/10/s5-150x150.jpg]
[bhatdental.com/gallery/s4/]
[bhatdental.com/gallery/s4/index.html]
[bhatdental.com/wp-json/oembed/1.0/embedf80d.json]
[bhatdental.com/gallery/s3/feed/index.html]
[bhatdental.com/wp-json/oembed/1.0/embed26aa]
[bhatdental.com/wp-content/uploads/2014/10/s2-150x150.jpg]
[bhatdental.com/gallery/s3/]
[bhatdental.com/gallery/s3/index.html]
[bhatdental.com/wp-json/oembed/1.0/embed4a8f.json]
[bhatdental.com/gallery/s2/feed/index.html]
[bhatdental.com/wp-json/oembed/1.0/embeda672]
[bhatdental.com/wp-content/uploads/2014/10/s1-150x150.jpg]
[bhatdental.com/gallery/s2/]
[bhatdental.com/gallery/s2/index.html]
[bhatdental.com/wp-json/oembed/1.0/embed4c42.json]
[bhatdental.com/gallery/s1/feed/index.html]
[bhatdental.com/wp-json/oembed/1.0/embed2cb5]
[bhatdental.com/wp-content/uploads/2014/10/51-150x150.jpg]
[bhatdental.com/gallery/s1/]
[bhatdental.com/gallery/s1/index.html]
[bhatdental.com/wp-json/oembed/1.0/embedc0b8.json]
[bhatdental.com/gallery/4-2/feed/index.html]
[bhatdental.com/wp-json/oembed/1.0/embedb487]
[bhatdental.com/wp-content/uploads/2014/10/31-150x150.jpg]
[bhatdental.com/gallery/4-2/]
[bhatdental.com/gallery/4-2/index.html]
[bhatdental.com/wp-json/oembed/1.0/embed3c42.json]
[bhatdental.com/gallery/3-2/feed/index.html]
[bhatdental.com/wp-json/oembed/1.0/embed2e97]
[bhatdental.com/wp-content/uploads/2014/10/21-150x150.jpg]
[bhatdental.com/wp-content/uploads/2014/10/41-150x150.jpg]
[bhatdental.com/gallery/3-2/]
[bhatdental.com/gallery/3-2/index.html]
[bhatdental.com/wp-json/oembed/1.0/embed23f5.json]
[bhatdental.com/gallery/2-2/feed/index.html]
[bhatdental.com/wp-json/oembed/1.0/embed521d]
[bhatdental.com/wp-content/uploads/2014/10/11-150x150.jpg]
[bhatdental.com/gallery/2-2/]
[bhatdental.com/gallery/2-2/index.html]
[bhatdental.com/wp-json/oembed/1.0/embedde68.json]
[bhatdental.com/gallery/1-2/feed/index.html]
[bhatdental.com/wp-json/oembed/1.0/embed6c39]
[bhatdental.com/wp-content/uploads/2014/10/5-150x150.jpg]
[bhatdental.com/gallery/attachment/5/index.html]
[bhatdental.com/gallery/1-2/]
[bhatdental.com/gallery/1-2/index.html]
[bhatdental.com/wp-json/oembed/1.0/embed081a.json]
[bhatdental.com/gallery/5-2/feed/index.html]
[bhatdental.com/wp-json/oembed/1.0/embede2d0]
[bhatdental.com/gallery/5-2/]
[bhatdental.com/gallery/5-2/index.html]
[bhatdental.com/wp-json/oembed/1.0/embedf3e9.json]
[bhatdental.com/wp-json/oembed/1.0/embedd6c8]
[bhatdental.com/wp-content/uploads/2015/10/Shiela-150x150.jpg]
[bhatdental.com/wp-content/uploads/2015/10/IMG_2092-150x150.jpg]
[bhatdental.com/img_2090/]
[bhatdental.com/img_2090/index.html]
[bhatdental.com/shiela/index.html]
[bhatdental.com/wp-json/oembed/1.0/embedb977.json]
[bhatdental.com/wp-json/oembed/1.0/embed6189]
[bhatdental.com/wp-content/uploads/2015/10/IMG_2090-150x150.jpg]
[bhatdental.com/wp-content/uploads/2015/10/IMG_2105-150x150.jpg]
[bhatdental.com/img_2092/]
[bhatdental.com/img_2092/index.html]
[bhatdental.com/wp-json/oembed/1.0/embedf4f0.json]
[bhatdental.com/wp-json/oembed/1.0/embed7fbb]
[bhatdental.com/wp-content/uploads/2015/10/IMG_2111-150x150.jpg]
[bhatdental.com/img_2105/]
[bhatdental.com/img_2105/index.html]
[bhatdental.com/wp-json/oembed/1.0/embed229c.json]
[bhatdental.com/wp-json/oembed/1.0/embed77c9]
[bhatdental.com/wp-content/uploads/2015/10/IMG_2112-150x150.jpg]
[bhatdental.com/img_2111/]
[bhatdental.com/img_2111/index.html]
[bhatdental.com/wp-json/oembed/1.0/embed132b.json]
[bhatdental.com/wp-json/oembed/1.0/embed4af5]
[bhatdental.com/wp-content/uploads/2015/10/IMG_2114-150x150.jpg]
[bhatdental.com/img_2112/]
[bhatdental.com/img_2112/index.html]
[bhatdental.com/wp-json/oembed/1.0/embede90e.json]
[bhatdental.com/wp-json/oembed/1.0/embed6cef]
[bhatdental.com/wp-content/uploads/2015/10/IMG_2148-150x150.jpg]
[bhatdental.com/img_2114/]
[bhatdental.com/img_2114/index.html]
[bhatdental.com/author/drnbhat/page/2/index.html]
[bhatdental.com/indexfdd5.html]
[bhatdental.com/category/uncategorized/index.html]
[bhatdental.com/538/.html]
[bhatdental.com/indexcc0f.html]
[bhatdental.com/author/index.html]
[bhatdental.com/img_2148/index.html]
[bhatdental.com/wp-json/oembed/1.0/embedc230.json]
[bhatdental.com/gallery/attachment/1/feed/index.html]
[bhatdental.com/category/uncategorized/feed/index.html]
[bhatdental.com/wp-json/oembed/1.0/embedce2e]
[bhatdental.com/wp-content/uploads/2014/10/1.jpg]
[bhatdental.com/wp-content/uploads/2014/10/2-150x150.jpg]
[bhatdental.com/gallery/attachment/1/]
[bhatdental.com/gallery/attachment/1/index.html]
[bhatdental.com/gallery/s5/.html]
[bhatdental.com/index5fb3.html]
[bhatdental.com/gallery/s4/.html]
[bhatdental.com/index4579.html]
[bhatdental.com/gallery/s3/.html]
[bhatdental.com/index8cf7.html]
[bhatdental.com/gallery/s2/.html]
[bhatdental.com/index6aed.html]
[bhatdental.com/gallery/s1/.html]
[bhatdental.com/index94b0.html]
[bhatdental.com/gallery/4-2/.html]
[bhatdental.com/indexcb30.html]
[bhatdental.com/gallery/3-2/.html]
[bhatdental.com/index7ea6.html]
[bhatdental.com/gallery/2-2/.html]
[bhatdental.com/index5e74.html]
[bhatdental.com/gallery/attachment/2/index.html]
[bhatdental.com/wp-json/oembed/1.0/embedd833.json]
[bhatdental.com/gallery/attachment/5/feed/index.html]
[bhatdental.com/wp-json/oembed/1.0/embeda307]
[bhatdental.com/wp-content/uploads/2014/10/5.jpg]
[bhatdental.com/wp-content/uploads/2014/10/4-150x150.jpg]
[bhatdental.com/gallery/attachment/4/index.html]
[bhatdental.com/gallery/attachment/5/]
[bhatdental.com/gallery/attachment/5/index.html]
[bhatdental.com/gallery/1-2/.html]
[bhatdental.com/index0012.html]
[bhatdental.com/gallery/5-2/.html]
[bhatdental.com/indexc74d.html]
[bhatdental.com/wp-json/oembed/1.0/embed6a2e.json]
[bhatdental.com/wp-json/oembed/1.0/embed39e8]
[bhatdental.com/wp-content/uploads/2015/09/New-team3-150x150.jpg]
[bhatdental.com/shiela/]
[bhatdental.com/shiela/index.html]
[bhatdental.com/img_2090/.html]
[bhatdental.com/index5b8d.html]
[bhatdental.com/img_2092/.html]
[bhatdental.com/index84df.html]
[bhatdental.com/img_2105/.html]
[bhatdental.com/index01e4.html]
[bhatdental.com/img_2111/.html]
[bhatdental.com/index61a9.html]
[bhatdental.com/img_2112/.html]
[bhatdental.com/index63e6.html]
[bhatdental.com/new-team3/index.html]
[bhatdental.com/wp-json/oembed/1.0/embed87b6.json]
[bhatdental.com/wp-json/oembed/1.0/embeda744]
[bhatdental.com/wp-content/uploads/2015/10/IMG_2148.jpg]
[bhatdental.com/wp-content/uploads/2016/08/Teamy-300-400-150x150.jpg]
[bhatdental.com/img_2148/]
[bhatdental.com/img_2148/index.html]
[bhatdental.com/img_2114/.html]
[bhatdental.com/index5c90.html]
[bhatdental.com/teamy-300-400/index.html]
[bhatdental.com/wp-json/oembed/1.0/embed8625.json]
[bhatdental.com/gallery/attachment/2/feed/index.html]
[bhatdental.com/wp-json/oembed/1.0/embede4e7]
[bhatdental.com/wp-content/uploads/2014/10/2.jpg]
[bhatdental.com/wp-content/uploads/2014/10/1-150x150.jpg]
[bhatdental.com/wp-content/uploads/2014/10/3-150x150.jpg]
[bhatdental.com/gallery/attachment/3/index.html]
[bhatdental.com/gallery/attachment/2/]
[bhatdental.com/gallery/attachment/2/index.html]
[bhatdental.com/gallery/attachment/1/.html]
[bhatdental.com/indexba52.html]
[bhatdental.com/wp-json/oembed/1.0/embed4599.json]
[bhatdental.com/gallery/attachment/4/feed/index.html]
[bhatdental.com/wp-json/oembed/1.0/embed3b78]
[bhatdental.com/wp-content/uploads/2014/10/4.jpg]
[bhatdental.com/gallery/attachment/4/]
[bhatdental.com/gallery/attachment/4/index.html]
[bhatdental.com/gallery/attachment/5/.html]
[bhatdental.com/indexe7fb.html]
[bhatdental.com/wp-json/oembed/1.0/embedc8f2.json]
[bhatdental.com/wp-json/oembed/1.0/embedd4e1]
[bhatdental.com/wp-content/uploads/2015/09/New-team3.jpg]
[bhatdental.com/wp-content/uploads/2015/09/New-team2-150x150.jpg]
[bhatdental.com/new-team3/]
[bhatdental.com/new-team3/index.html]
[bhatdental.com/shiela/.html]
[bhatdental.com/index33e1.html]
[bhatdental.com/new-team2/index.html]
[bhatdental.com/wp-json/oembed/1.0/embedfc51.json]
[bhatdental.com/wp-json/oembed/1.0/embed5bcb]
[bhatdental.com/wp-content/uploads/2016/08/IMG_7231-150x150.jpg]
[bhatdental.com/teamy-300-400/]
[bhatdental.com/teamy-300-400/index.html]
[bhatdental.com/img_2148/.html]
[bhatdental.com/index0d0b.html]
[bhatdental.com/img_7231-3/index.html]
[bhatdental.com/wp-json/oembed/1.0/embeddaa6.json]
[bhatdental.com/gallery/attachment/3/feed/index.html]
[bhatdental.com/wp-json/oembed/1.0/embed0dbc]
[bhatdental.com/wp-content/uploads/2014/10/3.jpg]
[bhatdental.com/gallery/attachment/3/]
[bhatdental.com/gallery/attachment/3/index.html]
[bhatdental.com/gallery/attachment/2/.html]
[bhatdental.com/indexb93f.html]
[bhatdental.com/gallery/attachment/4/.html]
[bhatdental.com/indexcfab.html]
[bhatdental.com/wp-json/oembed/1.0/embed3376.json]
[bhatdental.com/wp-json/oembed/1.0/embeda874]
[bhatdental.com/wp-content/uploads/2015/09/New-team2.jpg]
[bhatdental.com/wp-content/uploads/2015/09/New-team1-150x150.jpg]
[bhatdental.com/new-team2/.211.delayed]
[bhatdental.com/new-team2/index.html]
[bhatdental.com/new-team3/.html]
[bhatdental.com/index0acd.html]
[bhatdental.com/new-team1/index.html]
[bhatdental.com/wp-json/oembed/1.0/embed548e.json]
[bhatdental.com/wp-json/oembed/1.0/embed5063]
[bhatdental.com/wp-content/uploads/2016/08/IMG_7231.jpg]
[bhatdental.com/wp-content/uploads/2016/08/Christina-150x150.jpg]
[bhatdental.com/img_7231-3/]
[bhatdental.com/img_7231-3/index.html]
[bhatdental.com/teamy-300-400/.html]
[bhatdental.com/index4837.html]
[bhatdental.com/gallery/attachment/3/.html]
[bhatdental.com/index04f2.html]
[bhatdental.com/christina-2/index.html]
[bhatdental.com/wp-json/oembed/1.0/embed821d.json]
[bhatdental.com/wp-json/oembed/1.0/embede99e]
[bhatdental.com/wp-content/uploads/2015/09/New-team1.jpg]
[bhatdental.com/wp-content/uploads/2015/09/New-team-150x150.jpg]
[bhatdental.com/new-team/index.html]
[bhatdental.com/new-team1/]
[bhatdental.com/new-team1/index.html]
[bhatdental.com/new-team2/.html]
[bhatdental.com/index30e4.html]
[bhatdental.com/wp-json/oembed/1.0/embed57de.json]
[bhatdental.com/wp-json/oembed/1.0/embededec]
[bhatdental.com/wp-content/uploads/2016/08/Britany-150x150.jpg]
[bhatdental.com/christina-2/]
[bhatdental.com/christina-2/index.html]
[bhatdental.com/img_7231-3/.html]
[bhatdental.com/index03c9.html]
[bhatdental.com/britany-2/index.html]
[bhatdental.com/wp-json/oembed/1.0/embed961c.json]
[bhatdental.com/wp-json/oembed/1.0/embedcc90]
[bhatdental.com/wp-content/uploads/2015/06/testimonial_2-150x150.jpg]
[bhatdental.com/new-team/]
[bhatdental.com/new-team/index.html]
[bhatdental.com/new-team1/.html]
[bhatdental.com/index93f8.html]
[bhatdental.com/testimonial_2/index.html]
[bhatdental.com/wp-json/oembed/1.0/embed5da4.json]
[bhatdental.com/wp-json/oembed/1.0/embed8790]
[bhatdental.com/wp-content/uploads/2016/08/Laurel-150x150.jpg]
[bhatdental.com/britany-2/]
[bhatdental.com/britany-2/index.html]
[bhatdental.com/christina-2/.html]
[bhatdental.com/indexf652.html]
[bhatdental.com/laurel-3/index.html]
[bhatdental.com/wp-json/oembed/1.0/embed6db1.json]
[bhatdental.com/wp-json/oembed/1.0/embedca02]
[bhatdental.com/wp-content/uploads/2015/02/thumbs-up-150x150.jpg]
[bhatdental.com/testimonial_2/]
[bhatdental.com/testimonial_2/index.html]
[bhatdental.com/new-team/.html]
[bhatdental.com/indexb702.html]
[bhatdental.com/thumbs-up/index.html]
[bhatdental.com/wp-json/oembed/1.0/embed5305.json]
[bhatdental.com/wp-json/oembed/1.0/embedbb96]
[bhatdental.com/wp-content/uploads/2016/09/IMG_5641-150x150.jpg]
[bhatdental.com/laurel-3/]
[bhatdental.com/laurel-3/index.html]
[bhatdental.com/britany-2/.html]
[bhatdental.com/index960c.html]
[bhatdental.com/img_5641/index.html]
[bhatdental.com/wp-json/oembed/1.0/embedccef.json]
[bhatdental.com/wp-json/oembed/1.0/embeddc74]
[bhatdental.com/wp-content/uploads/2015/02/Laurel-150x150.jpg]
[bhatdental.com/thumbs-up/]
[bhatdental.com/thumbs-up/index.html]
[bhatdental.com/testimonial_2/.html]
[bhatdental.com/index44fb.html]
[bhatdental.com/laurel-2/index.html]
[bhatdental.com/wp-json/oembed/1.0/embedd7b7.json]
[bhatdental.com/wp-json/oembed/1.0/embed1baa]
[bhatdental.com/img_5641/]
[bhatdental.com/img_5641/index.html]
[bhatdental.com/laurel-3/.html]
[bhatdental.com/index044f.html]
[bhatdental.com/thumb1/index.html]
[bhatdental.com/wp-json/oembed/1.0/embede971.json]
[bhatdental.com/wp-json/oembed/1.0/embed0213]
[bhatdental.com/wp-content/uploads/2015/02/Laurel.jpg]
[bhatdental.com/wp-content/uploads/2015/02/Christina-150x150.jpg]
[bhatdental.com/laurel-2/]
[bhatdental.com/laurel-2/index.html]
[bhatdental.com/thumbs-up/.html]
[bhatdental.com/index38bf.html]
[bhatdental.com/christina/index.html]
[bhatdental.com/feed/indexa276.html]
[bhatdental.com/wp-json/oembed/1.0/embeda2b7.json]
[bhatdental.com/wp-json/oembed/1.0/embed1b67]
[bhatdental.com/wp-content/uploads/2014/10/thumb13.jpg]
[bhatdental.com/wp-content/uploads/2014/10/thumb22-150x150.jpg]
[bhatdental.com/thumb1/]
[bhatdental.com/thumb1/index.html]
[bhatdental.com/img_5641/.html]
[bhatdental.com/index5ff4.html]
[bhatdental.com/thumb2/index.html]
[bhatdental.com/wp-json/oembed/1.0/embed2af1.json]
[bhatdental.com/wp-json/oembed/1.0/embed7524]
[bhatdental.com/wp-content/uploads/2015/02/Christina.jpg]
[bhatdental.com/wp-content/uploads/2015/02/Britany-150x150.jpg]
[bhatdental.com/christina/]
[bhatdental.com/christina/index.html]
[bhatdental.com/laurel-2/.html]
[bhatdental.com/index1c4a.html]
[bhatdental.com/britany/index.html]
[bhatdental.com/wp-json/oembed/1.0/embed8818.json]
[bhatdental.com/feed/index1c51.html]
[bhatdental.com/wp-json/oembed/1.0/embed9e76]
[bhatdental.com/wp-content/uploads/2014/10/thumb22.jpg]
[bhatdental.com/wp-content/uploads/2014/10/thumb13-150x150.jpg]
[bhatdental.com/wp-content/uploads/2014/10/thumb32-150x150.jpg]
[bhatdental.com/thumb3/index.html]
[bhatdental.com/thumb2/]
[bhatdental.com/thumb2/index.html]
[bhatdental.com/thumb1/.html]
[bhatdental.com/index6ca3.html]
[bhatdental.com/wp-json/oembed/1.0/embeda3f5.json]
[bhatdental.com/wp-json/oembed/1.0/embedca1f]
[bhatdental.com/wp-content/uploads/2015/02/Britany.jpg]
[bhatdental.com/wp-content/uploads/2015/02/IMG_7193.jpg]
[bhatdental.com/img_7193/index.html]
[bhatdental.com/britany/.250.delayed]
[bhatdental.com/britany/index.html]
[bhatdental.com/christina/.html]
[bhatdental.com/index3c55.html]
[bhatdental.com/wp-json/oembed/1.0/embed426b.json]
[bhatdental.com/feed/index46ae.html]
[bhatdental.com/wp-json/oembed/1.0/embed41e9]
[bhatdental.com/wp-content/uploads/2014/10/thumb32.jpg]
[bhatdental.com/wp-content/uploads/2014/10/BETHANYGOINS-150x150.jpg]
[bhatdental.com/bethanygoins/index.html]
[bhatdental.com/thumb3/]
[bhatdental.com/thumb3/index.html]
[bhatdental.com/thumb2/.html]
[bhatdental.com/index7414.html]
[bhatdental.com/wp-json/oembed/1.0/embed6d27.json]
[bhatdental.com/wp-json/oembed/1.0/embedc709]
[bhatdental.com/wp-content/uploads/2015/01/IMG_72262.jpg]
[bhatdental.com/img_7226-3/index.html]
[bhatdental.com/img_7193/.259.delayed]
[bhatdental.com/img_7193/index.html]
[bhatdental.com/britany/.html]
[bhatdental.com/index9cd7.html]
[bhatdental.com/wp-json/oembed/1.0/embed4eeb.json]
[bhatdental.com/feed/indexfc18.html]
[bhatdental.com/wp-json/oembed/1.0/embed4466]
[bhatdental.com/wp-content/uploads/2014/10/brittany-150x150.jpg]
[bhatdental.com/brittany/index.html]
[bhatdental.com/bethanygoins/]
[bhatdental.com/bethanygoins/index.html]
[bhatdental.com/thumb3/.html]
[bhatdental.com/index0745.html]
[bhatdental.com/wp-json/oembed/1.0/embedad0e.json]
[bhatdental.com/feed/index677a.html]
[bhatdental.com/wp-json/oembed/1.0/embed584b]
[bhatdental.com/wp-content/uploads/2015/01/IMG_72311.jpg]
[bhatdental.com/img_7231-2/index.html]
[bhatdental.com/img_7226-3/]
[bhatdental.com/img_7226-3/index.html]
[bhatdental.com/img_7193/.html]
[bhatdental.com/index7665.html]
[bhatdental.com/wp-json/oembed/1.0/embeda770.json]
[bhatdental.com/feed/index97f3.html]
[bhatdental.com/wp-json/oembed/1.0/embed4393]
[bhatdental.com/wp-content/uploads/2014/10/brittany.jpg]
[bhatdental.com/wp-content/uploads/2014/10/CHRISTANELSON-150x150.jpg]
[bhatdental.com/christanelson/index.html]
[bhatdental.com/brittany/]
[bhatdental.com/brittany/index.html]
[bhatdental.com/bethanygoins/.html]
[bhatdental.com/indexd073.html]
[bhatdental.com/wp-json/oembed/1.0/embedec73.json]
[bhatdental.com/feed/index4a0c.html]
[bhatdental.com/wp-json/oembed/1.0/embed1651]
[bhatdental.com/wp-content/uploads/2015/01/IMG_72261.jpg]
[bhatdental.com/img_7226-2/index.html]
[bhatdental.com/img_7231-2/]
[bhatdental.com/img_7231-2/index.html]
[bhatdental.com/img_7226-3/.html]
[bhatdental.com/index4f61.html]
[bhatdental.com/wp-json/oembed/1.0/embed6610.json]
[bhatdental.com/feed/index5a2a.html]
[bhatdental.com/wp-json/oembed/1.0/embedaa7b]
[bhatdental.com/wp-content/uploads/2014/10/CHRISTANELSON.jpg]
[bhatdental.com/wp-content/uploads/2014/10/CORETTACOLE-150x150.jpg]
[bhatdental.com/christanelson/]
[bhatdental.com/christanelson/index.html]
[bhatdental.com/brittany/.html]
[bhatdental.com/indexcaae.html]
[bhatdental.com/corettacole/index.html]
[bhatdental.com/wp-json/oembed/1.0/embed07a4.json]
[bhatdental.com/feed/index1c9e.html]
[bhatdental.com/wp-json/oembed/1.0/embed721d]
[bhatdental.com/wp-content/uploads/2015/01/IMG_7231.jpg]
[bhatdental.com/img_7226-2/]
[bhatdental.com/img_7231/index.html]
[bhatdental.com/img_7226-2/index.html]
[bhatdental.com/img_7231-2/.html]
[bhatdental.com/index96f1.html]
[bhatdental.com/wp-json/oembed/1.0/embed2157.json]
[bhatdental.com/feed/index9ec9.html]
[bhatdental.com/wp-json/oembed/1.0/embedcdf0]
[bhatdental.com/wp-content/uploads/2014/10/JOAHFLLOYD-150x150.jpg]
[bhatdental.com/corettacole/]
[bhatdental.com/corettacole/index.html]
[bhatdental.com/christanelson/.html]
[bhatdental.com/index3dea.html]
[bhatdental.com/joahflloyd/index.html]
[bhatdental.com/wp-json/oembed/1.0/embedfbfd.json]
[bhatdental.com/feed/index4546.html]
[bhatdental.com/wp-json/oembed/1.0/embed7459]
[bhatdental.com/wp-content/uploads/2015/01/IMG_7226.jpg]
[bhatdental.com/img_7226/index.html]
[bhatdental.com/img_7231/]
[bhatdental.com/img_7231/index.html]
[bhatdental.com/img_7226-2/.html]
[bhatdental.com/index7ef4.html]
[bhatdental.com/wp-json/oembed/1.0/embed03b0.json]
[bhatdental.com/feed/index5057.html]
[bhatdental.com/wp-json/oembed/1.0/embed4352]
[bhatdental.com/wp-content/uploads/2014/10/JOAHFLLOYD.jpg]
[bhatdental.com/wp-content/uploads/2014/10/laurel-150x150.jpg]
[bhatdental.com/joahflloyd/index.html]
[bhatdental.com/corettacole/.html]
[bhatdental.com/laurel/index.html]
[bhatdental.com/index8e0b.html]
[bhatdental.com/joahflloyd/]
[bhatdental.com/wp-json/oembed/1.0/embed32c0.json]
[bhatdental.com/feed/index0e03.html]
[bhatdental.com/wp-json/oembed/1.0/embedf4c0]
[bhatdental.com/wp-content/uploads/2014/12/testimony--150x150.png]
[bhatdental.com/img_7226/]
[bhatdental.com/img_7226/index.html]
[bhatdental.com/img_7231/.html]
[bhatdental.com/indexe2dc.html]
[bhatdental.com/testimony-2/index.html]
[bhatdental.com/wp-json/oembed/1.0/embedf21f.json]
[bhatdental.com/feed/index4fad.html]
[bhatdental.com/wp-json/oembed/1.0/embed7c3f]
[bhatdental.com/wp-content/uploads/2014/10/laurel.jpg]
[bhatdental.com/wp-content/uploads/2014/10/MeghaHegde-150x150.jpg]
[bhatdental.com/laurel/]
[bhatdental.com/laurel/index.html]
[bhatdental.com/joahflloyd/]
[bhatdental.com/index912b.html]
[bhatdental.com/testimony-2/index.html]
[bhatdental.com/img_7226/.html]
[bhatdental.com/index3f3a.html]
[bhatdental.com/meghahegde/index.html]
[bhatdental.com/laurel/.html]
[bhatdental.com/feed/indexf1e1.html]
[bhatdental.com/indexc1f6.html]
[bhatdental.com/wp-json/oembed/1.0/embede065]
